2025-03-13T16:04:31.482678+0530 INFO Loading model and vectorizer...
2025-03-13T16:04:41.219474+0530 INFO Model and vectorizer loaded successfully
2025-03-13T16:07:09.951091+0530 INFO Loading model and vectorizer...
2025-03-13T16:07:21.639714+0530 INFO Model and vectorizer loaded successfully
2025-03-13T16:07:26.751685+0530 INFO Loading model and vectorizer...
2025-03-13T16:07:34.709494+0530 INFO Model and vectorizer loaded successfully
2025-03-13T16:12:07.634657+0530 INFO Loading model and vectorizer...
2025-03-13T16:12:31.365533+0530 INFO Model and vectorizer loaded successfully
2025-03-13T16:15:14.291193+0530 INFO Loading model and vectorizer...
2025-03-13T16:15:25.409912+0530 INFO Model and vectorizer loaded successfully
2025-03-13T16:15:37.836594+0530 INFO Loading model and vectorizer...
2025-03-13T16:15:49.604506+0530 INFO Model and vectorizer loaded successfully
2025-03-13T16:19:13.616558+0530 INFO Loading model and vectorizer...
2025-03-13T16:19:21.879999+0530 INFO Model and vectorizer loaded successfully
2025-03-13T16:22:17.120171+0530 INFO Loading model and vectorizer...
2025-03-13T16:22:21.807602+0530 INFO Model and vectorizer loaded successfully
2025-03-13T16:25:30.048606+0530 INFO Loading model and vectorizer...
2025-03-13T16:25:37.534619+0530 INFO Model and vectorizer loaded successfully
2025-03-13T16:28:08.628280+0530 INFO Loading model and vectorizer...
2025-03-13T16:28:16.493975+0530 INFO Model and vectorizer loaded successfully
2025-03-13T16:29:24.437046+0530 INFO Loading model and vectorizer...
2025-03-13T16:29:33.600120+0530 INFO Model and vectorizer loaded successfully
2025-03-13T16:29:52.665661+0530 INFO Prediction request received from user: admin
2025-03-13T16:29:52.674180+0530 INFO Prediction completed: sentiment=positive, probability=0.9532, time=0.0052s
2025-03-13T16:29:55.065589+0530 INFO Prediction request received from user: admin
2025-03-13T16:29:55.089548+0530 INFO Prediction completed: sentiment=negative, probability=0.9946, time=0.0041s
